<?xml version="1.0" encoding="UTF-8"?>
<!-- Generated by org.testng.reporters.JUnitReportReporter -->
<testsuite hostname="Home" failures="0" tests="7" name="CucumberOptions.TestRunner" time="0.309" errors="0" timestamp="2024-06-11T14:37:28 SAST" skipped="0">
  <testcase classname="CucumberOptions.TestRunner" name="runScenario" time="0.024"/>
  <testcase classname="CucumberOptions.TestRunner" name="runScenario" time="0.014"/>
  <testcase classname="CucumberOptions.TestRunner" name="runScenario" time="0.015"/>
  <testcase classname="CucumberOptions.TestRunner" name="runScenario" time="0.189"/>
  <testcase classname="CucumberOptions.TestRunner" name="runScenario" time="0.016"/>
  <testcase classname="CucumberOptions.TestRunner" name="runScenario" time="0.012"/>
  <testcase classname="CucumberOptions.TestRunner" name="runScenario" time="0.039"/>
</testsuite> <!-- CucumberOptions.TestRunner -->
